<?xml version="1.0" encoding="UTF-8"?>
<testsuite name="com.example.accessingdatarest.AccessingDataRestApplicationTests" tests="7" skipped="0" failures="0" errors="0" timestamp="2022-02-01T17:41:03" hostname="Apples-MacBook-Pro-2.local" time="0.601">
  <properties/>
  <testcase name="shouldQueryEntity()" classname="com.example.accessingdatarest.AccessingDataRestApplicationTests" time="0.464"/>
  <testcase name="shouldCreateEntity()" classname="com.example.accessingdatarest.AccessingDataRestApplicationTests" time="0.022"/>
  <testcase name="shouldUpdateEntity()" classname="com.example.accessingdatarest.AccessingDataRestApplicationTests" time="0.049"/>
  <testcase name="shouldRetrieveEntity()" classname="com.example.accessingdatarest.AccessingDataRestApplicationTests" time="0.013"/>
  <testcase name="shouldDeleteEntity()" classname="com.example.accessingdatarest.AccessingDataRestApplicationTests" time="0.019"/>
  <testcase name="shouldReturnRepositoryIndex()" classname="com.example.accessingdatarest.AccessingDataRestApplicationTests" time="0.011"/>
  <testcase name="shouldPartiallyUpdateEntity()" classname="com.example.accessingdatarest.AccessingDataRestApplicationTests" time="0.02"/>
  <system-out><![CDATA[11:41:00.458 [Test worker] DEBUG org.springframework.test.context.BootstrapUtils - Instantiating CacheAwareContextLoaderDelegate from class [org.springframework.test.context.cache.DefaultCacheAwareContextLoaderDelegate]
11:41:00.468 [Test worker] DEBUG org.springframework.test.context.BootstrapUtils - Instantiating BootstrapContext using constructor [public org.springframework.test.context.support.DefaultBootstrapContext(java.lang.Class,org.springframework.test.context.CacheAwareContextLoaderDelegate)]
11:41:00.491 [Test worker] DEBUG org.springframework.test.context.BootstrapUtils - Instantiating TestContextBootstrapper for test class [com.example.accessingdatarest.AccessingDataRestApplicationTests] from class [org.springframework.boot.test.context.SpringBootTestContextBootstrapper]
11:41:00.500 [Test worker] INFO org.springframework.boot.test.context.SpringBootTestContextBootstrapper - Neither @ContextConfiguration nor @ContextHierarchy found for test class [com.example.accessingdatarest.AccessingDataRestApplicationTests], using SpringBootContextLoader
11:41:00.503 [Test worker] DEBUG org.springframework.test.context.support.AbstractContextLoader - Did not detect default resource location for test class [com.example.accessingdatarest.AccessingDataRestApplicationTests]: class path resource [com/example/accessingdatarest/AccessingDataRestApplicationTests-context.xml] does not exist
11:41:00.503 [Test worker] DEBUG org.springframework.test.context.support.AbstractContextLoader - Did not detect default resource location for test class [com.example.accessingdatarest.AccessingDataRestApplicationTests]: class path resource [com/example/accessingdatarest/AccessingDataRestApplicationTestsContext.groovy] does not exist
11:41:00.503 [Test worker] INFO org.springframework.test.context.support.AbstractContextLoader - Could not detect default resource locations for test class [com.example.accessingdatarest.AccessingDataRestApplicationTests]: no resource found for suffixes {-context.xml, Context.groovy}.
11:41:00.504 [Test worker] INFO org.springframework.test.context.support.AnnotationConfigContextLoaderUtils - Could not detect default configuration classes for test class [com.example.accessingdatarest.AccessingDataRestApplicationTests]: AccessingDataRestApplicationTests does not declare any static, non-private, non-final, nested classes annotated with @Configuration.
11:41:00.551 [Test worker] DEBUG org.springframework.test.context.support.ActiveProfilesUtils - Could not find an 'annotation declaring class' for annotation type [org.springframework.test.context.ActiveProfiles] and class [com.example.accessingdatarest.AccessingDataRestApplicationTests]
11:41:00.587 [Test worker] DEBUG org.springframework.context.annotation.ClassPathScanningCandidateComponentProvider - Identified candidate component class: file [/Users/Pmedrano/Documents/SpringTraining/gs-accessing-data-rest/complete/build/classes/java/main/com/example/accessingdatarest/AccessingDataRestApplication.class]
11:41:00.591 [Test worker] INFO org.springframework.boot.test.context.SpringBootTestContextBootstrapper - Found @SpringBootConfiguration com.example.accessingdatarest.AccessingDataRestApplication for test class com.example.accessingdatarest.AccessingDataRestApplicationTests
11:41:00.665 [Test worker] DEBUG org.springframework.boot.test.context.SpringBootTestContextBootstrapper - @TestExecutionListeners is not present for class [com.example.accessingdatarest.AccessingDataRestApplicationTests]: using defaults.
11:41:00.666 [Test worker] INFO org.springframework.boot.test.context.SpringBootTestContextBootstrapper - Loaded default TestExecutionListener class names from location [META-INF/spring.factories]: [org.springframework.boot.test.autoconfigure.restdocs.RestDocsTestExecutionListener, org.springframework.boot.test.autoconfigure.web.client.MockRestServiceServerResetTestExecutionListener, org.springframework.boot.test.autoconfigure.web.servlet.MockMvcPrintOnlyOnFailureTestExecutionListener, org.springframework.boot.test.autoconfigure.web.servlet.WebDriverTestExecutionListener, org.springframework.boot.test.autoconfigure.webservices.client.MockWebServiceServerTestExecutionListener, org.springframework.boot.test.mock.mockito.MockitoTestExecutionListener, org.springframework.boot.test.mock.mockito.ResetMocksTestExecutionListener, org.springframework.test.context.web.ServletTestExecutionListener, org.springframework.test.context.support.DirtiesContextBeforeModesTestExecutionListener, org.springframework.test.context.event.ApplicationEventsTestExecutionListener, org.springframework.test.context.support.DependencyInjectionTestExecutionListener, org.springframework.test.context.support.DirtiesContextTestExecutionListener, org.springframework.test.context.transaction.TransactionalTestExecutionListener, org.springframework.test.context.jdbc.SqlScriptsTestExecutionListener, org.springframework.test.context.event.EventPublishingTestExecutionListener]
11:41:00.684 [Test worker] INFO org.springframework.boot.test.context.SpringBootTestContextBootstrapper - Using TestExecutionListeners: [org.springframework.test.context.web.ServletTestExecutionListener@37cb8937, org.springframework.test.context.support.DirtiesContextBeforeModesTestExecutionListener@1ebfd2b7, org.springframework.test.context.event.ApplicationEventsTestExecutionListener@54a36704, org.springframework.boot.test.mock.mockito.MockitoTestExecutionListener@60019ac3, org.springframework.boot.test.autoconfigure.SpringBootDependencyInjectionTestExecutionListener@be835c5, org.springframework.test.context.support.DirtiesContextTestExecutionListener@6ba26465, org.springframework.test.context.transaction.TransactionalTestExecutionListener@2476a552, org.springframework.test.context.jdbc.SqlScriptsTestExecutionListener@484de49d, org.springframework.test.context.event.EventPublishingTestExecutionListener@2c1b64c, org.springframework.boot.test.autoconfigure.restdocs.RestDocsTestExecutionListener@7ab86b3d, org.springframework.boot.test.autoconfigure.web.client.MockRestServiceServerResetTestExecutionListener@6bf50d0d, org.springframework.boot.test.autoconfigure.web.servlet.MockMvcPrintOnlyOnFailureTestExecutionListener@4cbb65e2, org.springframework.boot.test.autoconfigure.web.servlet.WebDriverTestExecutionListener@4347c9ef, org.springframework.boot.test.autoconfigure.webservices.client.MockWebServiceServerTestExecutionListener@7a1fb339, org.springframework.boot.test.mock.mockito.ResetMocksTestExecutionListener@39414412]
11:41:00.687 [Test worker] DEBUG org.springframework.test.context.support.AbstractDirtiesContextTestExecutionListener - Before test class: context [DefaultTestContext@3a530e91 testClass = AccessingDataRestApplicationTests, testInstance = [null], testMethod = [null], testException = [null], mergedContextConfiguration = [WebMergedContextConfiguration@512bbfd4 testClass = AccessingDataRestApplicationTests, locations = '{}', classes = '{class com.example.accessingdatarest.AccessingDataRestApplication}', contextInitializerClasses = '[]', activeProfiles = '{}', propertySourceLocations = '{}', propertySourceProperties = '{org.springframework.boot.test.context.SpringBootTestContextBootstrapper=true}', contextCustomizers = set[org.springframework.boot.test.autoconfigure.actuate.metrics.MetricsExportContextCustomizerFactory$DisableMetricExportContextCustomizer@31f3b3de, org.springframework.boot.test.autoconfigure.properties.PropertyMappingContextCustomizer@4b3fa0b3, org.springframework.boot.test.autoconfigure.web.servlet.WebDriverContextCustomizerFactory$Customizer@2c43d83, [ImportsContextCustomizer@26b42f2f key = [org.springframework.boot.test.autoconfigure.web.servlet.MockMvcAutoConfiguration, org.springframework.boot.test.autoconfigure.web.servlet.MockMvcWebClientAutoConfiguration, org.springframework.boot.test.autoconfigure.web.servlet.MockMvcWebDriverAutoConfiguration, org.springframework.boot.autoconfigure.security.oauth2.client.servlet.OAuth2ClientAutoConfiguration, org.springframework.boot.autoconfigure.security.oauth2.resource.servlet.OAuth2ResourceServerAutoConfiguration, org.springframework.boot.autoconfigure.security.servlet.SecurityAutoConfiguration, org.springframework.boot.autoconfigure.security.servlet.SecurityFilterAutoConfiguration, org.springframework.boot.autoconfigure.security.servlet.UserDetailsServiceAutoConfiguration, org.springframework.boot.test.autoconfigure.web.servlet.MockMvcSecurityConfiguration]], org.springframework.boot.test.context.filter.ExcludeFilterContextCustomizer@74ee27d2, org.springframework.boot.test.json.DuplicateJsonObjectContextCustomizerFactory$DuplicateJsonObjectContextCustomizer@4721f1ef, org.springframework.boot.test.mock.mockito.MockitoContextCustomizer@0, org.springframework.boot.test.web.client.TestRestTemplateContextCustomizer@6caa313, org.springframework.boot.test.context.SpringBootTestArgs@1, org.springframework.boot.test.context.SpringBootTestWebEnvironment@56b82f61], resourceBasePath = 'src/main/webapp', contextLoader = 'org.springframework.boot.test.context.SpringBootContextLoader', parent = [null]], attributes = map['org.springframework.test.context.web.ServletTestExecutionListener.activateListener' -> true]], class annotated with @DirtiesContext [false] with mode [null].
11:41:00.727 [Test worker] DEBUG org.springframework.test.context.support.TestPropertySourceUtils - Adding inlined properties to environment: {spring.jmx.enabled=false, org.springframework.boot.test.context.SpringBootTestContextBootstrapper=true}

  .   ____          _            __ _ _
 /\\ / ___'_ __ _ _(_)_ __  __ _ \ \ \ \
( ( )\___ | '_ | '_| | '_ \/ _` | \ \ \ \
 \\/  ___)| |_)| | | | | || (_| |  ) ) ) )
  '  |____| .__|_| |_|_| |_\__, | / / / /
 =========|_|==============|___/=/_/_/_/
 :: Spring Boot ::                (v2.5.2)

2022-02-01 11:41:01.059  INFO 15696 --- [    Test worker] c.e.a.AccessingDataRestApplicationTests  : Starting AccessingDataRestApplicationTests using Java 11.0.12 on Apples-MacBook-Pro-2.local with PID 15696 (started by Pmedrano in /Users/Pmedrano/Documents/SpringTraining/gs-accessing-data-rest/complete)
2022-02-01 11:41:01.061  INFO 15696 --- [    Test worker] c.e.a.AccessingDataRestApplicationTests  : No active profile set, falling back to default profiles: default
2022-02-01 11:41:01.515  INFO 15696 --- [    Test worker] .s.d.r.c.RepositoryConfigurationDelegate : Bootstrapping Spring Data JPA repositories in DEFAULT mode.
2022-02-01 11:41:01.547  INFO 15696 --- [    Test worker] .s.d.r.c.RepositoryConfigurationDelegate : Finished Spring Data repository scanning in 27 ms. Found 1 JPA repository interfaces.
2022-02-01 11:41:01.943  INFO 15696 --- [    Test worker] com.zaxxer.hikari.HikariDataSource       : HikariPool-1 - Starting...
2022-02-01 11:41:02.066  INFO 15696 --- [    Test worker] com.zaxxer.hikari.HikariDataSource       : HikariPool-1 - Start completed.
2022-02-01 11:41:02.115  INFO 15696 --- [    Test worker] o.hibernate.jpa.internal.util.LogHelper  : HHH000204: Processing PersistenceUnitInfo [name: default]
2022-02-01 11:41:02.154  INFO 15696 --- [    Test worker] org.hibernate.Version                    : HHH000412: Hibernate ORM core version 5.4.32.Final
2022-02-01 11:41:02.269  INFO 15696 --- [    Test worker] o.hibernate.annotations.common.Version   : HCANN000001: Hibernate Commons Annotations {5.1.2.Final}
2022-02-01 11:41:02.377  INFO 15696 --- [    Test worker] org.hibernate.dialect.Dialect            : HHH000400: Using dialect: org.hibernate.dialect.H2Dialect
2022-02-01 11:41:02.831  INFO 15696 --- [    Test worker] o.h.e.t.j.p.i.JtaPlatformInitiator       : HHH000490: Using JtaPlatform implementation: [org.hibernate.engine.transaction.jta.platform.internal.NoJtaPlatform]
2022-02-01 11:41:02.837  INFO 15696 --- [    Test worker] j.LocalContainerEntityManagerFactoryBean : Initialized JPA EntityManagerFactory for persistence unit 'default'
2022-02-01 11:41:02.995  WARN 15696 --- [    Test worker] JpaBaseConfiguration$JpaWebConfiguration : spring.jpa.open-in-view is enabled by default. Therefore, database queries may be performed during view rendering. Explicitly configure spring.jpa.open-in-view to disable this warning
2022-02-01 11:41:03.899  INFO 15696 --- [    Test worker] o.s.b.t.m.w.SpringBootMockServletContext : Initializing Spring TestDispatcherServlet ''
2022-02-01 11:41:03.899  INFO 15696 --- [    Test worker] o.s.t.web.servlet.TestDispatcherServlet  : Initializing Servlet ''
2022-02-01 11:41:03.900  INFO 15696 --- [    Test worker] o.s.t.web.servlet.TestDispatcherServlet  : Completed initialization in 1 ms
2022-02-01 11:41:03.917  INFO 15696 --- [    Test worker] c.e.a.AccessingDataRestApplicationTests  : Started AccessingDataRestApplicationTests in 3.183 seconds (JVM running for 4.161)
2022-02-01 11:41:04.220  WARN 15696 --- [    Test worker] tion$ResourceSupportHttpMessageConverter : Failed to evaluate Jackson deserialization for type [[simple type, class org.springframework.data.rest.webmvc.PersistentEntityResource]]: java.lang.NullPointerException
2022-02-01 11:41:04.413  WARN 15696 --- [    Test worker] tion$ResourceSupportHttpMessageConverter : Failed to evaluate Jackson deserialization for type [[simple type, class org.springframework.data.rest.webmvc.PersistentEntityResource]]: java.lang.NullPointerException
2022-02-01 11:41:04.427  WARN 15696 --- [    Test worker] tion$ResourceSupportHttpMessageConverter : Failed to evaluate Jackson deserialization for type [[simple type, class org.springframework.data.rest.webmvc.PersistentEntityResource]]: java.lang.NullPointerException
2022-02-01 11:41:04.433  WARN 15696 --- [    Test worker] tion$ResourceSupportHttpMessageConverter : Failed to evaluate Jackson deserialization for type [[simple type, class org.springframework.data.rest.webmvc.PersistentEntityResource]]: java.lang.NullPointerException
2022-02-01 11:41:04.476  WARN 15696 --- [    Test worker] tion$ResourceSupportHttpMessageConverter : Failed to evaluate Jackson deserialization for type [[simple type, class org.springframework.data.rest.webmvc.PersistentEntityResource]]: java.lang.NullPointerException
2022-02-01 11:41:04.490  WARN 15696 --- [    Test worker] tion$ResourceSupportHttpMessageConverter : Failed to evaluate Jackson deserialization for type [[simple type, class org.springframework.data.rest.webmvc.PersistentEntityResource]]: java.lang.NullPointerException

MockHttpServletRequest:
      HTTP Method = GET
      Request URI = /
       Parameters = {}
          Headers = []
             Body = null
    Session Attrs = {}

Handler:
             Type = org.springframework.data.rest.webmvc.RepositoryController
           Method = org.springframework.data.rest.webmvc.RepositoryController#listRepositories()

Async:
    Async started = false
     Async result = null

Resolved Exception:
             Type = null

ModelAndView:
        View name = null
             View = null
            Model = null

FlashMap:
       Attributes = null

MockHttpServletResponse:
           Status = 200
    Error message = null
          Headers = [Vary:"Origin", "Access-Control-Request-Method", "Access-Control-Request-Headers", Content-Type:"application/hal+json"]
     Content type = application/hal+json
             Body = {
  "_links" : {
    "people" : {
      "href" : "http://localhost/people{?page,size,sort}",
      "templated" : true
    },
    "profile" : {
      "href" : "http://localhost/profile"
    }
  }
}
    Forwarded URL = null
   Redirected URL = null
          Cookies = []
2022-02-01 11:41:04.520  WARN 15696 --- [    Test worker] tion$ResourceSupportHttpMessageConverter : Failed to evaluate Jackson deserialization for type [[simple type, class org.springframework.data.rest.webmvc.PersistentEntityResource]]: java.lang.NullPointerException
2022-02-01 11:41:04.526  WARN 15696 --- [    Test worker] tion$ResourceSupportHttpMessageConverter : Failed to evaluate Jackson deserialization for type [[simple type, class org.springframework.data.rest.webmvc.PersistentEntityResource]]: java.lang.NullPointerException
]]></system-out>
  <system-err><![CDATA[]]></system-err>
</testsuite>
